<?xml version="1.0" encoding="UTF-8"?>
<testsuite xmlns:xsi="http://www.w3.org/2001/XMLSchema-instance" xsi:noNamespaceSchemaLocation="https://maven.apache.org/surefire/maven-surefire-plugin/xsd/surefire-test-report.xsd" name="com.abc.testusersignup.TestuserSignupApplicationTests" time="2.253" tests="1" errors="0" skipped="0" failures="0">
  <properties>
    <property name="gopherProxySet" value="false"/>
    <property name="awt.toolkit" value="sun.lwawt.macosx.LWCToolkit"/>
    <property name="file.encoding.pkg" value="sun.io"/>
    <property name="java.specification.version" value="1.8"/>
    <property name="sun.cpu.isalist" value=""/>
    <property name="sun.jnu.encoding" value="UTF-8"/>
    <property name="java.class.path" value="/Users/anachatterjee/git_repo/testuser-signup/testuser-signup-service/target/test-classes:/Users/anachatterjee/git_repo/testuser-signup/testuser-signup-service/target/classes:/Users/anachatterjee/.m2/raptor2/org/springframework/boot/spring-boot-starter/2.2.0.RELEASE/spring-boot-starter-2.2.0.RELEASE.jar:/Users/anachatterjee/.m2/raptor2/org/springframework/boot/spring-boot/2.2.0.RELEASE/spring-boot-2.2.0.RELEASE.jar:/Users/anachatterjee/.m2/raptor2/org/springframework/spring-context/5.2.0.RELEASE/spring-context-5.2.0.RELEASE.jar:/Users/anachatterjee/.m2/raptor2/org/springframework/boot/spring-boot-autoconfigure/2.2.0.RELEASE/spring-boot-autoconfigure-2.2.0.RELEASE.jar:/Users/anachatterjee/.m2/raptor2/org/springframework/boot/spring-boot-starter-logging/2.2.0.RELEASE/spring-boot-starter-logging-2.2.0.RELEASE.jar:/Users/anachatterjee/.m2/raptor2/ch/qos/logback/logback-classic/1.2.3/logback-classic-1.2.3.jar:/Users/anachatterjee/.m2/raptor2/ch/qos/logback/logback-core/1.2.3/logback-core-1.2.3.jar:/Users/anachatterjee/.m2/raptor2/org/apache/logging/log4j/log4j-to-slf4j/2.12.1/log4j-to-slf4j-2.12.1.jar:/Users/anachatterjee/.m2/raptor2/org/apache/logging/log4j/log4j-api/2.12.1/log4j-api-2.12.1.jar:/Users/anachatterjee/.m2/raptor2/org/slf4j/jul-to-slf4j/1.7.28/jul-to-slf4j-1.7.28.jar:/Users/anachatterjee/.m2/raptor2/jakarta/annotation/jakarta.annotation-api/1.3.5/jakarta.annotation-api-1.3.5.jar:/Users/anachatterjee/.m2/raptor2/org/springframework/spring-core/5.2.0.RELEASE/spring-core-5.2.0.RELEASE.jar:/Users/anachatterjee/.m2/raptor2/org/springframework/spring-jcl/5.2.0.RELEASE/spring-jcl-5.2.0.RELEASE.jar:/Users/anachatterjee/.m2/raptor2/org/yaml/snakeyaml/1.25/snakeyaml-1.25.jar:/Users/anachatterjee/.m2/raptor2/org/springframework/boot/spring-boot-starter-web/2.2.0.RELEASE/spring-boot-starter-web-2.2.0.RELEASE.jar:/Users/anachatterjee/.m2/raptor2/org/springframework/boot/spring-boot-starter-json/2.2.0.RELEASE/spring-boot-starter-json-2.2.0.RELEASE.jar:/Users/anachatterjee/.m2/raptor2/com/fasterxml/jackson/core/jackson-databind/2.10.0/jackson-databind-2.10.0.jar:/Users/anachatterjee/.m2/raptor2/com/fasterxml/jackson/core/jackson-core/2.10.0/jackson-core-2.10.0.jar:/Users/anachatterjee/.m2/raptor2/com/fasterxml/jackson/datatype/jackson-datatype-jdk8/2.10.0/jackson-datatype-jdk8-2.10.0.jar:/Users/anachatterjee/.m2/raptor2/com/fasterxml/jackson/datatype/jackson-datatype-jsr310/2.10.0/jackson-datatype-jsr310-2.10.0.jar:/Users/anachatterjee/.m2/raptor2/com/fasterxml/jackson/module/jackson-module-parameter-names/2.10.0/jackson-module-parameter-names-2.10.0.jar:/Users/anachatterjee/.m2/raptor2/org/springframework/boot/spring-boot-starter-tomcat/2.2.0.RELEASE/spring-boot-starter-tomcat-2.2.0.RELEASE.jar:/Users/anachatterjee/.m2/raptor2/org/apache/tomcat/embed/tomcat-embed-core/9.0.27/tomcat-embed-core-9.0.27.jar:/Users/anachatterjee/.m2/raptor2/org/apache/tomcat/embed/tomcat-embed-el/9.0.27/tomcat-embed-el-9.0.27.jar:/Users/anachatterjee/.m2/raptor2/org/apache/tomcat/embed/tomcat-embed-websocket/9.0.27/tomcat-embed-websocket-9.0.27.jar:/Users/anachatterjee/.m2/raptor2/org/springframework/boot/spring-boot-starter-validation/2.2.0.RELEASE/spring-boot-starter-validation-2.2.0.RELEASE.jar:/Users/anachatterjee/.m2/raptor2/org/springframework/spring-web/5.2.0.RELEASE/spring-web-5.2.0.RELEASE.jar:/Users/anachatterjee/.m2/raptor2/org/springframework/spring-beans/5.2.0.RELEASE/spring-beans-5.2.0.RELEASE.jar:/Users/anachatterjee/.m2/raptor2/org/springframework/spring-webmvc/5.2.0.RELEASE/spring-webmvc-5.2.0.RELEASE.jar:/Users/anachatterjee/.m2/raptor2/org/springframework/spring-aop/5.2.0.RELEASE/spring-aop-5.2.0.RELEASE.jar:/Users/anachatterjee/.m2/raptor2/org/springframework/spring-expression/5.2.0.RELEASE/spring-expression-5.2.0.RELEASE.jar:/Users/anachatterjee/.m2/raptor2/org/springframework/boot/spring-boot-starter-jdbc/2.2.0.RELEASE/spring-boot-starter-jdbc-2.2.0.RELEASE.jar:/Users/anachatterjee/.m2/raptor2/com/zaxxer/HikariCP/3.4.1/HikariCP-3.4.1.jar:/Users/anachatterjee/.m2/raptor2/org/slf4j/slf4j-api/1.7.28/slf4j-api-1.7.28.jar:/Users/anachatterjee/.m2/raptor2/org/springframework/spring-jdbc/5.2.0.RELEASE/spring-jdbc-5.2.0.RELEASE.jar:/Users/anachatterjee/.m2/raptor2/org/springframework/spring-tx/5.2.0.RELEASE/spring-tx-5.2.0.RELEASE.jar:/Users/anachatterjee/.m2/raptor2/com/h2database/h2/1.4.199/h2-1.4.199.jar:/Users/anachatterjee/.m2/raptor2/org/springframework/boot/spring-boot-starter-test/2.2.0.RELEASE/spring-boot-starter-test-2.2.0.RELEASE.jar:/Users/anachatterjee/.m2/raptor2/org/springframework/boot/spring-boot-test/2.2.0.RELEASE/spring-boot-test-2.2.0.RELEASE.jar:/Users/anachatterjee/.m2/raptor2/org/springframework/boot/spring-boot-test-autoconfigure/2.2.0.RELEASE/spring-boot-test-autoconfigure-2.2.0.RELEASE.jar:/Users/anachatterjee/.m2/raptor2/com/jayway/jsonpath/json-path/2.4.0/json-path-2.4.0.jar:/Users/anachatterjee/.m2/raptor2/net/minidev/json-smart/2.3/json-smart-2.3.jar:/Users/anachatterjee/.m2/raptor2/net/minidev/accessors-smart/1.2/accessors-smart-1.2.jar:/Users/anachatterjee/.m2/raptor2/org/ow2/asm/asm/5.0.4/asm-5.0.4.jar:/Users/anachatterjee/.m2/raptor2/jakarta/xml/bind/jakarta.xml.bind-api/2.3.2/jakarta.xml.bind-api-2.3.2.jar:/Users/anachatterjee/.m2/raptor2/jakarta/activation/jakarta.activation-api/1.2.1/jakarta.activation-api-1.2.1.jar:/Users/anachatterjee/.m2/raptor2/org/junit/jupiter/junit-jupiter/5.5.2/junit-jupiter-5.5.2.jar:/Users/anachatterjee/.m2/raptor2/org/junit/jupiter/junit-jupiter-api/5.5.2/junit-jupiter-api-5.5.2.jar:/Users/anachatterjee/.m2/raptor2/org/opentest4j/opentest4j/1.2.0/opentest4j-1.2.0.jar:/Users/anachatterjee/.m2/raptor2/org/junit/platform/junit-platform-commons/1.5.2/junit-platform-commons-1.5.2.jar:/Users/anachatterjee/.m2/raptor2/org/junit/jupiter/junit-jupiter-params/5.5.2/junit-jupiter-params-5.5.2.jar:/Users/anachatterjee/.m2/raptor2/org/junit/jupiter/junit-jupiter-engine/5.5.2/junit-jupiter-engine-5.5.2.jar:/Users/anachatterjee/.m2/raptor2/org/junit/vintage/junit-vintage-engine/5.5.2/junit-vintage-engine-5.5.2.jar:/Users/anachatterjee/.m2/raptor2/org/apiguardian/apiguardian-api/1.1.0/apiguardian-api-1.1.0.jar:/Users/anachatterjee/.m2/raptor2/org/junit/platform/junit-platform-engine/1.5.2/junit-platform-engine-1.5.2.jar:/Users/anachatterjee/.m2/raptor2/junit/junit/4.12/junit-4.12.jar:/Users/anachatterjee/.m2/raptor2/org/mockito/mockito-junit-jupiter/3.1.0/mockito-junit-jupiter-3.1.0.jar:/Users/anachatterjee/.m2/raptor2/org/assertj/assertj-core/3.13.2/assertj-core-3.13.2.jar:/Users/anachatterjee/.m2/raptor2/org/hamcrest/hamcrest/2.1/hamcrest-2.1.jar:/Users/anachatterjee/.m2/raptor2/org/mockito/mockito-core/3.1.0/mockito-core-3.1.0.jar:/Users/anachatterjee/.m2/raptor2/net/bytebuddy/byte-buddy/1.10.1/byte-buddy-1.10.1.jar:/Users/anachatterjee/.m2/raptor2/net/bytebuddy/byte-buddy-agent/1.10.1/byte-buddy-agent-1.10.1.jar:/Users/anachatterjee/.m2/raptor2/org/objenesis/objenesis/2.6/objenesis-2.6.jar:/Users/anachatterjee/.m2/raptor2/org/skyscreamer/jsonassert/1.5.0/jsonassert-1.5.0.jar:/Users/anachatterjee/.m2/raptor2/com/vaadin/external/google/android-json/0.0.20131108.vaadin1/android-json-0.0.20131108.vaadin1.jar:/Users/anachatterjee/.m2/raptor2/org/springframework/spring-test/5.2.0.RELEASE/spring-test-5.2.0.RELEASE.jar:/Users/anachatterjee/.m2/raptor2/org/xmlunit/xmlunit-core/2.6.3/xmlunit-core-2.6.3.jar:/Users/anachatterjee/.m2/raptor2/com/abc/testuser-signup-api/0.0.1-SNAPSHOT/testuser-signup-api-0.0.1-SNAPSHOT.jar:/Users/anachatterjee/.m2/raptor2/io/swagger/swagger-annotations/1.5.21/swagger-annotations-1.5.21.jar:/Users/anachatterjee/.m2/raptor2/io/swagger/swagger-models/1.6.0/swagger-models-1.6.0.jar:/Users/anachatterjee/.m2/raptor2/javax/validation/validation-api/2.0.1.Final/validation-api-2.0.1.Final.jar:/Users/anachatterjee/.m2/raptor2/com/fasterxml/jackson/core/jackson-annotations/2.10.3/jackson-annotations-2.10.3.jar:/Users/anachatterjee/.m2/raptor2/org/hibernate/validator/hibernate-validator/6.2.0.Final/hibernate-validator-6.2.0.Final.jar:/Users/anachatterjee/.m2/raptor2/jakarta/validation/jakarta.validation-api/2.0.1/jakarta.validation-api-2.0.1.jar:/Users/anachatterjee/.m2/raptor2/org/jboss/logging/jboss-logging/3.4.1.Final/jboss-logging-3.4.1.Final.jar:/Users/anachatterjee/.m2/raptor2/com/fasterxml/classmate/1.5.0/classmate-1.5.0.jar:/Users/anachatterjee/.m2/raptor2/org/glassfish/javax.el/3.0.1-b12/javax.el-3.0.1-b12.jar:/Users/anachatterjee/.m2/raptor2/org/apache/commons/commons-lang3/3.12.0/commons-lang3-3.12.0.jar:"/>
    <property name="java.vm.vendor" value="Azul Systems, Inc."/>
    <property name="sun.arch.data.model" value="64"/>
    <property name="java.vendor.url" value="http://www.azulsystems.com/"/>
    <property name="user.timezone" value=""/>
    <property name="java.vm.specification.version" value="1.8"/>
    <property name="os.name" value="Mac OS X"/>
    <property name="user.country" value="US"/>
    <property name="sun.java.launcher" value="SUN_STANDARD"/>
    <property name="sun.boot.library.path" value="/Library/Java/JavaVirtualMachines/zulu-8.jdk/Contents/Home/jre/lib"/>
    <property name="sun.java.command" value="/Users/anachatterjee/git_repo/testuser-signup/testuser-signup-service/target/surefire/surefirebooter7251574447201424128.jar /Users/anachatterjee/git_repo/testuser-signup/testuser-signup-service/target/surefire 2021-05-30T17-22-21_080-jvmRun1 surefire2209708848137402832tmp surefire_06402686819572509846tmp"/>
    <property name="surefire.test.class.path" value="/Users/anachatterjee/git_repo/testuser-signup/testuser-signup-service/target/test-classes:/Users/anachatterjee/git_repo/testuser-signup/testuser-signup-service/target/classes:/Users/anachatterjee/.m2/raptor2/org/springframework/boot/spring-boot-starter/2.2.0.RELEASE/spring-boot-starter-2.2.0.RELEASE.jar:/Users/anachatterjee/.m2/raptor2/org/springframework/boot/spring-boot/2.2.0.RELEASE/spring-boot-2.2.0.RELEASE.jar:/Users/anachatterjee/.m2/raptor2/org/springframework/spring-context/5.2.0.RELEASE/spring-context-5.2.0.RELEASE.jar:/Users/anachatterjee/.m2/raptor2/org/springframework/boot/spring-boot-autoconfigure/2.2.0.RELEASE/spring-boot-autoconfigure-2.2.0.RELEASE.jar:/Users/anachatterjee/.m2/raptor2/org/springframework/boot/spring-boot-starter-logging/2.2.0.RELEASE/spring-boot-starter-logging-2.2.0.RELEASE.jar:/Users/anachatterjee/.m2/raptor2/ch/qos/logback/logback-classic/1.2.3/logback-classic-1.2.3.jar:/Users/anachatterjee/.m2/raptor2/ch/qos/logback/logback-core/1.2.3/logback-core-1.2.3.jar:/Users/anachatterjee/.m2/raptor2/org/apache/logging/log4j/log4j-to-slf4j/2.12.1/log4j-to-slf4j-2.12.1.jar:/Users/anachatterjee/.m2/raptor2/org/apache/logging/log4j/log4j-api/2.12.1/log4j-api-2.12.1.jar:/Users/anachatterjee/.m2/raptor2/org/slf4j/jul-to-slf4j/1.7.28/jul-to-slf4j-1.7.28.jar:/Users/anachatterjee/.m2/raptor2/jakarta/annotation/jakarta.annotation-api/1.3.5/jakarta.annotation-api-1.3.5.jar:/Users/anachatterjee/.m2/raptor2/org/springframework/spring-core/5.2.0.RELEASE/spring-core-5.2.0.RELEASE.jar:/Users/anachatterjee/.m2/raptor2/org/springframework/spring-jcl/5.2.0.RELEASE/spring-jcl-5.2.0.RELEASE.jar:/Users/anachatterjee/.m2/raptor2/org/yaml/snakeyaml/1.25/snakeyaml-1.25.jar:/Users/anachatterjee/.m2/raptor2/org/springframework/boot/spring-boot-starter-web/2.2.0.RELEASE/spring-boot-starter-web-2.2.0.RELEASE.jar:/Users/anachatterjee/.m2/raptor2/org/springframework/boot/spring-boot-starter-json/2.2.0.RELEASE/spring-boot-starter-json-2.2.0.RELEASE.jar:/Users/anachatterjee/.m2/raptor2/com/fasterxml/jackson/core/jackson-databind/2.10.0/jackson-databind-2.10.0.jar:/Users/anachatterjee/.m2/raptor2/com/fasterxml/jackson/core/jackson-core/2.10.0/jackson-core-2.10.0.jar:/Users/anachatterjee/.m2/raptor2/com/fasterxml/jackson/datatype/jackson-datatype-jdk8/2.10.0/jackson-datatype-jdk8-2.10.0.jar:/Users/anachatterjee/.m2/raptor2/com/fasterxml/jackson/datatype/jackson-datatype-jsr310/2.10.0/jackson-datatype-jsr310-2.10.0.jar:/Users/anachatterjee/.m2/raptor2/com/fasterxml/jackson/module/jackson-module-parameter-names/2.10.0/jackson-module-parameter-names-2.10.0.jar:/Users/anachatterjee/.m2/raptor2/org/springframework/boot/spring-boot-starter-tomcat/2.2.0.RELEASE/spring-boot-starter-tomcat-2.2.0.RELEASE.jar:/Users/anachatterjee/.m2/raptor2/org/apache/tomcat/embed/tomcat-embed-core/9.0.27/tomcat-embed-core-9.0.27.jar:/Users/anachatterjee/.m2/raptor2/org/apache/tomcat/embed/tomcat-embed-el/9.0.27/tomcat-embed-el-9.0.27.jar:/Users/anachatterjee/.m2/raptor2/org/apache/tomcat/embed/tomcat-embed-websocket/9.0.27/tomcat-embed-websocket-9.0.27.jar:/Users/anachatterjee/.m2/raptor2/org/springframework/boot/spring-boot-starter-validation/2.2.0.RELEASE/spring-boot-starter-validation-2.2.0.RELEASE.jar:/Users/anachatterjee/.m2/raptor2/org/springframework/spring-web/5.2.0.RELEASE/spring-web-5.2.0.RELEASE.jar:/Users/anachatterjee/.m2/raptor2/org/springframework/spring-beans/5.2.0.RELEASE/spring-beans-5.2.0.RELEASE.jar:/Users/anachatterjee/.m2/raptor2/org/springframework/spring-webmvc/5.2.0.RELEASE/spring-webmvc-5.2.0.RELEASE.jar:/Users/anachatterjee/.m2/raptor2/org/springframework/spring-aop/5.2.0.RELEASE/spring-aop-5.2.0.RELEASE.jar:/Users/anachatterjee/.m2/raptor2/org/springframework/spring-expression/5.2.0.RELEASE/spring-expression-5.2.0.RELEASE.jar:/Users/anachatterjee/.m2/raptor2/org/springframework/boot/spring-boot-starter-jdbc/2.2.0.RELEASE/spring-boot-starter-jdbc-2.2.0.RELEASE.jar:/Users/anachatterjee/.m2/raptor2/com/zaxxer/HikariCP/3.4.1/HikariCP-3.4.1.jar:/Users/anachatterjee/.m2/raptor2/org/slf4j/slf4j-api/1.7.28/slf4j-api-1.7.28.jar:/Users/anachatterjee/.m2/raptor2/org/springframework/spring-jdbc/5.2.0.RELEASE/spring-jdbc-5.2.0.RELEASE.jar:/Users/anachatterjee/.m2/raptor2/org/springframework/spring-tx/5.2.0.RELEASE/spring-tx-5.2.0.RELEASE.jar:/Users/anachatterjee/.m2/raptor2/com/h2database/h2/1.4.199/h2-1.4.199.jar:/Users/anachatterjee/.m2/raptor2/org/springframework/boot/spring-boot-starter-test/2.2.0.RELEASE/spring-boot-starter-test-2.2.0.RELEASE.jar:/Users/anachatterjee/.m2/raptor2/org/springframework/boot/spring-boot-test/2.2.0.RELEASE/spring-boot-test-2.2.0.RELEASE.jar:/Users/anachatterjee/.m2/raptor2/org/springframework/boot/spring-boot-test-autoconfigure/2.2.0.RELEASE/spring-boot-test-autoconfigure-2.2.0.RELEASE.jar:/Users/anachatterjee/.m2/raptor2/com/jayway/jsonpath/json-path/2.4.0/json-path-2.4.0.jar:/Users/anachatterjee/.m2/raptor2/net/minidev/json-smart/2.3/json-smart-2.3.jar:/Users/anachatterjee/.m2/raptor2/net/minidev/accessors-smart/1.2/accessors-smart-1.2.jar:/Users/anachatterjee/.m2/raptor2/org/ow2/asm/asm/5.0.4/asm-5.0.4.jar:/Users/anachatterjee/.m2/raptor2/jakarta/xml/bind/jakarta.xml.bind-api/2.3.2/jakarta.xml.bind-api-2.3.2.jar:/Users/anachatterjee/.m2/raptor2/jakarta/activation/jakarta.activation-api/1.2.1/jakarta.activation-api-1.2.1.jar:/Users/anachatterjee/.m2/raptor2/org/junit/jupiter/junit-jupiter/5.5.2/junit-jupiter-5.5.2.jar:/Users/anachatterjee/.m2/raptor2/org/junit/jupiter/junit-jupiter-api/5.5.2/junit-jupiter-api-5.5.2.jar:/Users/anachatterjee/.m2/raptor2/org/opentest4j/opentest4j/1.2.0/opentest4j-1.2.0.jar:/Users/anachatterjee/.m2/raptor2/org/junit/platform/junit-platform-commons/1.5.2/junit-platform-commons-1.5.2.jar:/Users/anachatterjee/.m2/raptor2/org/junit/jupiter/junit-jupiter-params/5.5.2/junit-jupiter-params-5.5.2.jar:/Users/anachatterjee/.m2/raptor2/org/junit/jupiter/junit-jupiter-engine/5.5.2/junit-jupiter-engine-5.5.2.jar:/Users/anachatterjee/.m2/raptor2/org/junit/vintage/junit-vintage-engine/5.5.2/junit-vintage-engine-5.5.2.jar:/Users/anachatterjee/.m2/raptor2/org/apiguardian/apiguardian-api/1.1.0/apiguardian-api-1.1.0.jar:/Users/anachatterjee/.m2/raptor2/org/junit/platform/junit-platform-engine/1.5.2/junit-platform-engine-1.5.2.jar:/Users/anachatterjee/.m2/raptor2/junit/junit/4.12/junit-4.12.jar:/Users/anachatterjee/.m2/raptor2/org/mockito/mockito-junit-jupiter/3.1.0/mockito-junit-jupiter-3.1.0.jar:/Users/anachatterjee/.m2/raptor2/org/assertj/assertj-core/3.13.2/assertj-core-3.13.2.jar:/Users/anachatterjee/.m2/raptor2/org/hamcrest/hamcrest/2.1/hamcrest-2.1.jar:/Users/anachatterjee/.m2/raptor2/org/mockito/mockito-core/3.1.0/mockito-core-3.1.0.jar:/Users/anachatterjee/.m2/raptor2/net/bytebuddy/byte-buddy/1.10.1/byte-buddy-1.10.1.jar:/Users/anachatterjee/.m2/raptor2/net/bytebuddy/byte-buddy-agent/1.10.1/byte-buddy-agent-1.10.1.jar:/Users/anachatterjee/.m2/raptor2/org/objenesis/objenesis/2.6/objenesis-2.6.jar:/Users/anachatterjee/.m2/raptor2/org/skyscreamer/jsonassert/1.5.0/jsonassert-1.5.0.jar:/Users/anachatterjee/.m2/raptor2/com/vaadin/external/google/android-json/0.0.20131108.vaadin1/android-json-0.0.20131108.vaadin1.jar:/Users/anachatterjee/.m2/raptor2/org/springframework/spring-test/5.2.0.RELEASE/spring-test-5.2.0.RELEASE.jar:/Users/anachatterjee/.m2/raptor2/org/xmlunit/xmlunit-core/2.6.3/xmlunit-core-2.6.3.jar:/Users/anachatterjee/.m2/raptor2/com/abc/testuser-signup-api/0.0.1-SNAPSHOT/testuser-signup-api-0.0.1-SNAPSHOT.jar:/Users/anachatterjee/.m2/raptor2/io/swagger/swagger-annotations/1.5.21/swagger-annotations-1.5.21.jar:/Users/anachatterjee/.m2/raptor2/io/swagger/swagger-models/1.6.0/swagger-models-1.6.0.jar:/Users/anachatterjee/.m2/raptor2/javax/validation/validation-api/2.0.1.Final/validation-api-2.0.1.Final.jar:/Users/anachatterjee/.m2/raptor2/com/fasterxml/jackson/core/jackson-annotations/2.10.3/jackson-annotations-2.10.3.jar:/Users/anachatterjee/.m2/raptor2/org/hibernate/validator/hibernate-validator/6.2.0.Final/hibernate-validator-6.2.0.Final.jar:/Users/anachatterjee/.m2/raptor2/jakarta/validation/jakarta.validation-api/2.0.1/jakarta.validation-api-2.0.1.jar:/Users/anachatterjee/.m2/raptor2/org/jboss/logging/jboss-logging/3.4.1.Final/jboss-logging-3.4.1.Final.jar:/Users/anachatterjee/.m2/raptor2/com/fasterxml/classmate/1.5.0/classmate-1.5.0.jar:/Users/anachatterjee/.m2/raptor2/org/glassfish/javax.el/3.0.1-b12/javax.el-3.0.1-b12.jar:/Users/anachatterjee/.m2/raptor2/org/apache/commons/commons-lang3/3.12.0/commons-lang3-3.12.0.jar:"/>
    <property name="sun.cpu.endian" value="little"/>
    <property name="user.home" value="/Users/anachatterjee"/>
    <property name="user.language" value="en"/>
    <property name="java.specification.vendor" value="Oracle Corporation"/>
    <property name="java.home" value="/Library/Java/JavaVirtualMachines/zulu-8.jdk/Contents/Home/jre"/>
    <property name="basedir" value="/Users/anachatterjee/git_repo/testuser-signup/testuser-signup-service"/>
    <property name="file.separator" value="/"/>
    <property name="line.separator" value="&#10;"/>
    <property name="jdk.vendor.version" value="Zulu 8.52.0.23-CA-macosx"/>
    <property name="java.vm.specification.vendor" value="Oracle Corporation"/>
    <property name="java.specification.name" value="Java Platform API Specification"/>
    <property name="java.awt.graphicsenv" value="sun.awt.CGraphicsEnvironment"/>
    <property name="surefire.real.class.path" value="/Users/anachatterjee/git_repo/testuser-signup/testuser-signup-service/target/surefire/surefirebooter7251574447201424128.jar"/>
    <property name="sun.boot.class.path" value="/Library/Java/JavaVirtualMachines/zulu-8.jdk/Contents/Home/jre/lib/resources.jar:/Library/Java/JavaVirtualMachines/zulu-8.jdk/Contents/Home/jre/lib/rt.jar:/Library/Java/JavaVirtualMachines/zulu-8.jdk/Contents/Home/jre/lib/sunrsasign.jar:/Library/Java/JavaVirtualMachines/zulu-8.jdk/Contents/Home/jre/lib/jsse.jar:/Library/Java/JavaVirtualMachines/zulu-8.jdk/Contents/Home/jre/lib/jce.jar:/Library/Java/JavaVirtualMachines/zulu-8.jdk/Contents/Home/jre/lib/charsets.jar:/Library/Java/JavaVirtualMachines/zulu-8.jdk/Contents/Home/jre/lib/jfr.jar:/Library/Java/JavaVirtualMachines/zulu-8.jdk/Contents/Home/jre/classes"/>
    <property name="sun.management.compiler" value="HotSpot 64-Bit Tiered Compilers"/>
    <property name="java.runtime.version" value="1.8.0_282-b08"/>
    <property name="user.name" value="anachatterjee"/>
    <property name="path.separator" value=":"/>
    <property name="os.version" value="10.15.7"/>
    <property name="java.endorsed.dirs" value="/Library/Java/JavaVirtualMachines/zulu-8.jdk/Contents/Home/jre/lib/endorsed"/>
    <property name="java.runtime.name" value="OpenJDK Runtime Environment"/>
    <property name="file.encoding" value="UTF-8"/>
    <property name="java.vm.name" value="OpenJDK 64-Bit Server VM"/>
    <property name="localRepository" value="/Users/anachatterjee/.m2/raptor2"/>
    <property name="java.vendor.url.bug" value="http://www.azulsystems.com/support/"/>
    <property name="java.io.tmpdir" value="/var/folders/v5/5z0r7cpd78z5twm9_1fn5nwr0000gp/T/"/>
    <property name="java.version" value="1.8.0_282"/>
    <property name="user.dir" value="/Users/anachatterjee/git_repo/testuser-signup/testuser-signup-service"/>
    <property name="os.arch" value="x86_64"/>
    <property name="java.vm.specification.name" value="Java Virtual Machine Specification"/>
    <property name="java.awt.printerjob" value="sun.lwawt.macosx.CPrinterJob"/>
    <property name="sun.os.patch.level" value="unknown"/>
    <property name="java.library.path" value="/Users/anachatterjee/Library/Java/Extensions:/Library/Java/Extensions:/Network/Library/Java/Extensions:/System/Library/Java/Extensions:/usr/lib/java:."/>
    <property name="java.vm.info" value="mixed mode"/>
    <property name="java.vendor" value="Azul Systems, Inc."/>
    <property name="java.vm.version" value="25.282-b08"/>
    <property name="java.ext.dirs" value="/Users/anachatterjee/Library/Java/Extensions:/Library/Java/JavaVirtualMachines/zulu-8.jdk/Contents/Home/jre/lib/ext:/Library/Java/Extensions:/Network/Library/Java/Extensions:/System/Library/Java/Extensions:/usr/lib/java"/>
    <property name="sun.io.unicode.encoding" value="UnicodeBig"/>
    <property name="java.class.version" value="52.0"/>
  </properties>
  <testcase name="contextLoads" classname="com.abc.testusersignup.TestuserSignupApplicationTests" time="0.168"/>
</testsuite>